<?xml version="1.0" encoding="UTF-8"?>
<testng-results ignored="0" total="1" passed="1" failed="0" skipped="0">
  <reporter-output>
  </reporter-output>
  <suite started-at="2022-08-10T03:38:55 ICT" name="Default suite" finished-at="2022-08-10T03:39:39 ICT" duration-ms="43937">
    <groups>
    </groups>
    <test started-at="2022-08-10T03:38:55 ICT" name="Default test" finished-at="2022-08-10T03:39:39 ICT" duration-ms="43937">
      <class name="seleniumDemo.BookingListTest">
        <test-method is-config="true" signature="SetUp()[pri:0, instance:seleniumDemo.BookingListTest@5536379e]" started-at="2022-08-10T03:38:55 ICT" name="SetUp" finished-at="2022-08-10T03:39:03 ICT" duration-ms="7288" status="PASS">
          <reporter-output>
          </reporter-output>
        </test-method> <!-- SetUp -->
        <test-method signature="BookingDateFilter()[pri:0, instance:seleniumDemo.BookingListTest@5536379e]" started-at="2022-08-10T03:39:03 ICT" name="BookingDateFilter" finished-at="2022-08-10T03:39:39 ICT" duration-ms="36582" status="PASS">
          <reporter-output>
          </reporter-output>
        </test-method> <!-- BookingDateFilter -->
      </class> <!-- seleniumDemo.BookingListTest -->
    </test> <!-- Default test -->
  </suite> <!-- Default suite -->
</testng-results>
